0 verbose cli C:\Program Files\nodejs\node.exe C:\Program Files\nodejs\node_modules\npm\bin\npm-cli.js
1 info using npm@8.19.4
2 info using node@v16.20.2
3 timing npm:load:whichnode Completed in 1ms
4 timing config:load:defaults Completed in 5ms
5 timing config:load:file:C:\Users\223107332\AppData\Roaming\nvm\v16.20.2\node_modules\npm\npmrc Completed in 1ms
6 timing config:load:builtin Completed in 1ms
7 timing config:load:cli Completed in 2ms
8 timing config:load:env Completed in 0ms
9 timing config:load:file:C:\Users\223107332\OneDrive - GEHealthCare\Documents\Course A project\vpaas_frontend\.npmrc Completed in 0ms
10 timing config:load:project Completed in 8ms
11 timing config:load:file:C:\Users\223107332\.npmrc Completed in 3ms
12 timing config:load:user Completed in 3ms
13 timing config:load:file:C:\Program Files\nodejs\etc\npmrc Completed in 0ms
14 timing config:load:global Completed in 0ms
15 timing config:load:validate Completed in 3ms
16 timing config:load:credentials Completed in 1ms
17 timing config:load:setEnvs Completed in 1ms
18 timing config:load Completed in 25ms
19 timing npm:load:configload Completed in 25ms
20 timing npm:load:mkdirpcache Completed in 2ms
21 timing npm:load:mkdirplogs Completed in 1ms
22 verbose title npm start
23 verbose argv "start"
24 timing npm:load:setTitle Completed in 2ms
25 timing config:load:flatten Completed in 6ms
26 timing npm:load:display Completed in 9ms
27 verbose logfile logs-max:10 dir:C:\Users\223107332\OneDrive - GEHealthCare\Documents\Course A project\vpaas_frontend\cache\_logs
28 verbose logfile C:\Users\223107332\OneDrive - GEHealthCare\Documents\Course A project\vpaas_frontend\cache\_logs\2025-02-04T09_09_54_937Z-debug-0.log
29 timing npm:load:logFile Completed in 12ms
30 timing npm:load:timers Completed in 0ms
31 timing npm:load:configScope Completed in 0ms
32 timing npm:load Completed in 53ms
33 silly logfile start cleaning logs, removing 2 files
34 silly logfile done cleaning log files
