0 verbose cli C:\Program Files\nodejs\node.exe C:\Program Files\nodejs\node_modules\npm\bin\npm-cli.js
1 info using npm@8.19.4
2 info using node@v16.20.2
3 timing npm:load:whichnode Completed in 1ms
4 timing config:load:defaults Completed in 1ms
5 timing config:load:file:C:\Users\223107332\AppData\Roaming\nvm\v16.20.2\node_modules\npm\npmrc Completed in 1ms
6 timing config:load:builtin Completed in 1ms
7 timing config:load:cli Completed in 3ms
8 timing config:load:env Completed in 0ms
9 timing config:load:file:C:\Users\223107332\OneDrive - GEHealthCare\Documents\Course A project\vpaas_frontend\.npmrc Completed in 1ms
10 timing config:load:project Completed in 6ms
11 timing config:load:file:C:\Users\223107332\.npmrc Completed in 1ms
12 timing config:load:user Completed in 2ms
13 timing config:load:file:C:\Program Files\nodejs\etc\npmrc Completed in 0ms
14 timing config:load:global Completed in 0ms
15 timing config:load:validate Completed in 1ms
16 timing config:load:credentials Completed in 1ms
17 timing config:load:setEnvs Completed in 2ms
18 timing config:load Completed in 17ms
19 timing npm:load:configload Completed in 17ms
20 timing npm:load:mkdirpcache Completed in 1ms
21 timing npm:load:mkdirplogs Completed in 1ms
22 verbose title npm install install
23 verbose argv "install" "--force" "--use-default-confignpm" "install" "--registry" "https://registry.npmjs.org/"
24 timing npm:load:setTitle Completed in 2ms
25 timing config:load:flatten Completed in 4ms
26 timing npm:load:display Completed in 7ms
27 verbose logfile logs-max:10 dir:C:\Users\223107332\OneDrive - GEHealthCare\Documents\Course A project\vpaas_frontend\cache\_logs
28 verbose logfile C:\Users\223107332\OneDrive - GEHealthCare\Documents\Course A project\vpaas_frontend\cache\_logs\2025-02-04T09_08_35_180Z-debug-0.log
29 timing npm:load:logFile Completed in 12ms
30 timing npm:load:timers Completed in 0ms
31 timing npm:load:configScope Completed in 1ms
32 warn using --force Recommended protections disabled.
33 timing npm:load Completed in 46ms
34 timing arborist:ctor Completed in 1ms
35 silly logfile done cleaning log files
36 timing idealTree:init Completed in 686ms
37 timing idealTree:userRequests Completed in 6ms
38 silly idealTree buildDeps
39 silly fetch manifest install@*
40 http fetch GET 200 https://registry.npmjs.org/install 523ms (cache miss)
41 silly placeDep ROOT install@0.13.0 OK for: client@0.1.0 want: *
42 timing idealTree:#root Completed in 531ms
43 timing idealTree:node_modules/install Completed in 1ms
44 timing idealTree:buildDeps Completed in 533ms
45 timing idealTree:fixDepFlags Completed in 7ms
46 timing idealTree Completed in 1235ms
47 timing reify:loadTrees Completed in 1236ms
48 timing reify:diffTrees Completed in 23ms
49 silly reify moves {}
50 timing reify:retireShallow Completed in 1ms
51 timing reify:createSparse Completed in 795ms
52 timing reify:rollback:createSparse Completed in 450ms
53 timing reify:rollback:retireShallow Completed in 0ms
54 timing command:install Completed in 2519ms
55 verbose stack Error: process terminated
55 verbose stack     at C:\Users\223107332\AppData\Roaming\nvm\v16.20.2\node_modules\npm\node_modules\@npmcli\arborist\lib\arborist\reify.js:200:39
55 verbose stack     at process.<anonymous> (C:\Users\223107332\AppData\Roaming\nvm\v16.20.2\node_modules\npm\node_modules\@npmcli\arborist\lib\signal-handling.js:53:5)
55 verbose stack     at process.emit (node:events:525:35)
56 verbose cwd C:\Users\223107332\OneDrive - GEHealthCare\Documents\Course A project\vpaas_frontend
57 verbose Windows_NT 10.0.19045
58 verbose node v16.20.2
59 verbose npm  v8.19.4
60 error process terminated
61 error signal SIGINT
62 verbose exit 1
63 timing npm Completed in 2838ms
64 verbose unfinished npm timer reify 1738660115496
65 verbose code 1
66 error A complete log of this run can be found in:
66 error     C:\Users\223107332\OneDrive - GEHealthCare\Documents\Course A project\vpaas_frontend\cache\_logs\2025-02-04T09_08_35_180Z-debug-0.log
